module_video/build/intermediates/manifest_merge_blame_file/debug/processDebugManifest/manifest-merger-blame-debug-report.txt
1<?xml version="1.0" encoding="utf-8"?>
2<manifest xmlns:android="http://schemas.android.com/apk/res/android"
3    package="com.example.module_video" >
4
5    <uses-sdk android:minSdkVersion="24" />
6
7    <uses-permission android:name="android.permission.INTERNET" />
7-->src\main\AndroidManifest.xml:3:5-66
7-->src\main\AndroidManifest.xml:3:22-64
8    <uses-permission android:name="android.permission.ACCESS_NETWORK_STATE" />
8-->src\main\AndroidManifest.xml:4:5-78
8-->src\main\AndroidManifest.xml:4:22-76
9
10    <application>
10-->src\main\AndroidManifest.xml:5:5-13:19
11        <activity
11-->src\main\AndroidManifest.xml:6:9-9:77
12            android:name="com.example.module_video.ui.VideoActivity"
12-->src\main\AndroidManifest.xml:7:13-45
13            android:configChanges="orientation|screenSize|keyboardHidden"
13-->src\main\AndroidManifest.xml:9:13-74
14            android:exported="true" />
14-->src\main\AndroidManifest.xml:8:13-36
15        <activity
15-->src\main\AndroidManifest.xml:10:9-12:77
16            android:name="com.example.module_video.ui.PhotoGraphActivity"
16-->src\main\AndroidManifest.xml:10:19-56
17            android:configChanges="orientation|screenSize|keyboardHidden"
17-->src\main\AndroidManifest.xml:12:13-74
18            android:exported="true" />
18-->src\main\AndroidManifest.xml:11:13-36
19    </application>
20
21</manifest>